nohup: ignoring input
-----------------------------------------------------------
Start Sample Strategy MeanTeacher2 with data webcam --> amazon
-----------------------------------------------------------
Train Epoch: 1 [0/795 (0%)]	Margin Loss: 1.063998

Test set: Average loss: 2.0329, Accuracy: 1728/2817 (61.34%)

-----------------------------------------------------------
Train Epoch: 2 [0/795 (0%)]	Margin Loss: 0.441806

Test set: Average loss: 1.5810, Accuracy: 1822/2817 (64.68%)

-----------------------------------------------------------
Train Epoch: 3 [0/795 (0%)]	Margin Loss: 0.393962

Test set: Average loss: 1.5486, Accuracy: 1797/2817 (63.79%)

-----------------------------------------------------------
Train Epoch: 4 [0/795 (0%)]	Margin Loss: 0.347364

Test set: Average loss: 1.4989, Accuracy: 1837/2817 (65.21%)

-----------------------------------------------------------
Train Epoch: 5 [0/795 (0%)]	Margin Loss: 0.335187

Test set: Average loss: 1.5178, Accuracy: 1829/2817 (64.93%)

-----------------------------------------------------------
Train Epoch: 6 [0/795 (0%)]	Margin Loss: 0.305257

Test set: Average loss: 1.5049, Accuracy: 1857/2817 (65.92%)

-----------------------------------------------------------
Train Epoch: 7 [0/795 (0%)]	Margin Loss: 0.318709

Test set: Average loss: 1.5071, Accuracy: 1866/2817 (66.24%)

-----------------------------------------------------------
Train Epoch: 8 [0/795 (0%)]	Margin Loss: 0.284688

Test set: Average loss: 1.5146, Accuracy: 1861/2817 (66.06%)

-----------------------------------------------------------
Train Epoch: 9 [0/795 (0%)]	Margin Loss: 0.284669

Test set: Average loss: 1.5229, Accuracy: 1826/2817 (64.82%)

-----------------------------------------------------------
Train Epoch: 10 [0/795 (0%)]	Margin Loss: 0.269741

Test set: Average loss: 1.5024, Accuracy: 1875/2817 (66.56%)

-----------------------------------------------------------
Train Epoch: 11 [0/824 (0%)]	Margin Loss: 0.294113

Test set: Average loss: 1.3818, Accuracy: 1915/2817 (67.98%)

-----------------------------------------------------------
Train Epoch: 12 [0/824 (0%)]	Margin Loss: 0.243361

Test set: Average loss: 1.3221, Accuracy: 1961/2817 (69.61%)

-----------------------------------------------------------
Train Epoch: 13 [0/853 (0%)]	Margin Loss: 0.248620

Test set: Average loss: 1.1917, Accuracy: 2041/2817 (72.45%)

-----------------------------------------------------------
Train Epoch: 14 [0/853 (0%)]	Margin Loss: 0.248191

Test set: Average loss: 1.1904, Accuracy: 2054/2817 (72.91%)

-----------------------------------------------------------
Train Epoch: 15 [0/882 (0%)]	Margin Loss: 0.292944

Test set: Average loss: 1.0574, Accuracy: 2147/2817 (76.22%)

-----------------------------------------------------------
Train Epoch: 16 [0/882 (0%)]	Margin Loss: 0.252422

Test set: Average loss: 1.0102, Accuracy: 2144/2817 (76.11%)

-----------------------------------------------------------
Train Epoch: 17 [0/911 (0%)]	Margin Loss: 0.213936

Test set: Average loss: 1.0128, Accuracy: 2160/2817 (76.68%)

-----------------------------------------------------------
Train Epoch: 18 [0/911 (0%)]	Margin Loss: 0.240361

Test set: Average loss: 0.9421, Accuracy: 2216/2817 (78.67%)

-----------------------------------------------------------
Train Epoch: 19 [0/940 (0%)]	Margin Loss: 0.254621

Test set: Average loss: 0.8602, Accuracy: 2284/2817 (81.08%)

-----------------------------------------------------------
Train Epoch: 20 [0/940 (0%)]	Margin Loss: 0.255347

Test set: Average loss: 0.8558, Accuracy: 2291/2817 (81.33%)

-----------------------------------------------------------
Train Epoch: 21 [0/940 (0%)]	Margin Loss: 0.200891

Test set: Average loss: 0.8449, Accuracy: 2289/2817 (81.26%)

-----------------------------------------------------------
Train Epoch: 22 [0/940 (0%)]	Margin Loss: 0.211069

Test set: Average loss: 0.8824, Accuracy: 2264/2817 (80.37%)

-----------------------------------------------------------
Train Epoch: 23 [0/940 (0%)]	Margin Loss: 0.202413

Test set: Average loss: 0.8398, Accuracy: 2278/2817 (80.87%)

-----------------------------------------------------------
Train Epoch: 24 [0/940 (0%)]	Margin Loss: 0.176601

Test set: Average loss: 0.8540, Accuracy: 2287/2817 (81.19%)

-----------------------------------------------------------
Train Epoch: 25 [0/940 (0%)]	Margin Loss: 0.179760

Test set: Average loss: 0.8435, Accuracy: 2289/2817 (81.26%)

-----------------------------------------------------------
Train Epoch: 26 [0/940 (0%)]	Margin Loss: 0.178907

Test set: Average loss: 0.8379, Accuracy: 2281/2817 (80.97%)

-----------------------------------------------------------
Train Epoch: 27 [0/940 (0%)]	Margin Loss: 0.159775

Test set: Average loss: 0.8520, Accuracy: 2287/2817 (81.19%)

-----------------------------------------------------------
Train Epoch: 28 [0/940 (0%)]	Margin Loss: 0.163489

Test set: Average loss: 0.8473, Accuracy: 2293/2817 (81.40%)

-----------------------------------------------------------
Train Epoch: 29 [0/940 (0%)]	Margin Loss: 0.148859

Test set: Average loss: 0.8552, Accuracy: 2283/2817 (81.04%)

-----------------------------------------------------------
Train Epoch: 30 [0/940 (0%)]	Margin Loss: 0.159402

Test set: Average loss: 0.8353, Accuracy: 2303/2817 (81.75%)

-----------------------------------------------------------
Train Epoch: 31 [0/940 (0%)]	Margin Loss: 0.136812

Test set: Average loss: 0.8399, Accuracy: 2308/2817 (81.93%)

-----------------------------------------------------------
Train Epoch: 32 [0/940 (0%)]	Margin Loss: 0.129316

Test set: Average loss: 0.8387, Accuracy: 2300/2817 (81.65%)

-----------------------------------------------------------
Train Epoch: 33 [0/940 (0%)]	Margin Loss: 0.123729

Test set: Average loss: 0.8330, Accuracy: 2300/2817 (81.65%)

-----------------------------------------------------------
Train Epoch: 34 [0/940 (0%)]	Margin Loss: 0.117928

Test set: Average loss: 0.8385, Accuracy: 2295/2817 (81.47%)

-----------------------------------------------------------
Train Epoch: 35 [0/940 (0%)]	Margin Loss: 0.119643

Test set: Average loss: 0.8345, Accuracy: 2303/2817 (81.75%)

-----------------------------------------------------------
Train Epoch: 36 [0/940 (0%)]	Margin Loss: 0.120167

Test set: Average loss: 0.8361, Accuracy: 2307/2817 (81.90%)

-----------------------------------------------------------
Train Epoch: 37 [0/940 (0%)]	Margin Loss: 0.114851

Test set: Average loss: 0.8398, Accuracy: 2292/2817 (81.36%)

-----------------------------------------------------------
Train Epoch: 38 [0/940 (0%)]	Margin Loss: 0.115272

Test set: Average loss: 0.8322, Accuracy: 2297/2817 (81.54%)

-----------------------------------------------------------
Train Epoch: 39 [0/940 (0%)]	Margin Loss: 0.124192

Test set: Average loss: 0.8318, Accuracy: 2306/2817 (81.86%)

-----------------------------------------------------------
Train Epoch: 40 [0/940 (0%)]	Margin Loss: 0.099469

Test set: Average loss: 0.8353, Accuracy: 2298/2817 (81.58%)

-----------------------------------------------------------
