nohup: ignoring input
-----------------------------------------------------------
Start Sample Strategy MeanTeacher2 with data Art --> Real_World
-----------------------------------------------------------
Train Epoch: 1 [0/2427 (0%)]	Margin Loss: 0.974301

Test set: Average loss: 1.8193, Accuracy: 2624/4357 (60.22%)

-----------------------------------------------------------
Train Epoch: 2 [0/2427 (0%)]	Margin Loss: 0.483931

Test set: Average loss: 1.2999, Accuracy: 2962/4357 (67.98%)

-----------------------------------------------------------
Train Epoch: 3 [0/2427 (0%)]	Margin Loss: 0.404102

Test set: Average loss: 1.1290, Accuracy: 3150/4357 (72.30%)

-----------------------------------------------------------
Train Epoch: 4 [0/2427 (0%)]	Margin Loss: 0.347166

Test set: Average loss: 1.0879, Accuracy: 3163/4357 (72.60%)

-----------------------------------------------------------
Train Epoch: 5 [0/2427 (0%)]	Margin Loss: 0.346412

Test set: Average loss: 1.0588, Accuracy: 3203/4357 (73.51%)

-----------------------------------------------------------
Train Epoch: 6 [0/2427 (0%)]	Margin Loss: 0.345482

Test set: Average loss: 1.0539, Accuracy: 3220/4357 (73.90%)

-----------------------------------------------------------
Train Epoch: 7 [0/2427 (0%)]	Margin Loss: 0.275633

Test set: Average loss: 1.0329, Accuracy: 3199/4357 (73.42%)

-----------------------------------------------------------
Train Epoch: 8 [0/2427 (0%)]	Margin Loss: 0.272390

Test set: Average loss: 1.0244, Accuracy: 3228/4357 (74.09%)

-----------------------------------------------------------
Train Epoch: 9 [0/2427 (0%)]	Margin Loss: 0.245769

Test set: Average loss: 1.0357, Accuracy: 3236/4357 (74.27%)

-----------------------------------------------------------
Train Epoch: 10 [0/2427 (0%)]	Margin Loss: 0.212722

Test set: Average loss: 1.0532, Accuracy: 3201/4357 (73.47%)

-----------------------------------------------------------
Train Epoch: 11 [0/2471 (0%)]	Margin Loss: 0.241282

Test set: Average loss: 0.9917, Accuracy: 3289/4357 (75.49%)

-----------------------------------------------------------
Train Epoch: 12 [0/2471 (0%)]	Margin Loss: 0.204054

Test set: Average loss: 0.9698, Accuracy: 3318/4357 (76.15%)

-----------------------------------------------------------
Train Epoch: 13 [0/2515 (0%)]	Margin Loss: 0.224878

Test set: Average loss: 0.9061, Accuracy: 3407/4357 (78.20%)

-----------------------------------------------------------
Train Epoch: 14 [0/2515 (0%)]	Margin Loss: 0.212251

Test set: Average loss: 0.9150, Accuracy: 3397/4357 (77.97%)

-----------------------------------------------------------
Train Epoch: 15 [0/2559 (0%)]	Margin Loss: 0.202214

Test set: Average loss: 0.8658, Accuracy: 3436/4357 (78.86%)

-----------------------------------------------------------
Train Epoch: 16 [0/2559 (0%)]	Margin Loss: 0.178818

Test set: Average loss: 0.8673, Accuracy: 3439/4357 (78.93%)

-----------------------------------------------------------
Train Epoch: 17 [0/2603 (0%)]	Margin Loss: 0.186221

Test set: Average loss: 0.8248, Accuracy: 3494/4357 (80.19%)

-----------------------------------------------------------
Train Epoch: 18 [0/2603 (0%)]	Margin Loss: 0.185295

Test set: Average loss: 0.8177, Accuracy: 3509/4357 (80.54%)

-----------------------------------------------------------
Train Epoch: 19 [0/2647 (0%)]	Margin Loss: 0.161611

Test set: Average loss: 0.7839, Accuracy: 3549/4357 (81.46%)

-----------------------------------------------------------
Train Epoch: 20 [0/2647 (0%)]	Margin Loss: 0.183969

Test set: Average loss: 0.8013, Accuracy: 3555/4357 (81.59%)

-----------------------------------------------------------
Train Epoch: 21 [0/2647 (0%)]	Margin Loss: 0.166154

Test set: Average loss: 0.7925, Accuracy: 3550/4357 (81.48%)

-----------------------------------------------------------
Train Epoch: 22 [0/2647 (0%)]	Margin Loss: 0.148027

Test set: Average loss: 0.7840, Accuracy: 3575/4357 (82.05%)

-----------------------------------------------------------
Train Epoch: 23 [0/2647 (0%)]	Margin Loss: 0.150014

Test set: Average loss: 0.7697, Accuracy: 3578/4357 (82.12%)

-----------------------------------------------------------
Train Epoch: 24 [0/2647 (0%)]	Margin Loss: 0.156504

Test set: Average loss: 0.7837, Accuracy: 3563/4357 (81.78%)

-----------------------------------------------------------
Train Epoch: 25 [0/2647 (0%)]	Margin Loss: 0.127294

Test set: Average loss: 0.7883, Accuracy: 3557/4357 (81.64%)

-----------------------------------------------------------
Train Epoch: 26 [0/2647 (0%)]	Margin Loss: 0.131059

Test set: Average loss: 0.7770, Accuracy: 3585/4357 (82.28%)

-----------------------------------------------------------
Train Epoch: 27 [0/2647 (0%)]	Margin Loss: 0.129782

Test set: Average loss: 0.8020, Accuracy: 3584/4357 (82.26%)

-----------------------------------------------------------
Train Epoch: 28 [0/2647 (0%)]	Margin Loss: 0.142913

Test set: Average loss: 0.8035, Accuracy: 3581/4357 (82.19%)

-----------------------------------------------------------
Train Epoch: 29 [0/2647 (0%)]	Margin Loss: 0.109329

Test set: Average loss: 0.8113, Accuracy: 3587/4357 (82.33%)

-----------------------------------------------------------
Train Epoch: 30 [0/2647 (0%)]	Margin Loss: 0.125290

Test set: Average loss: 0.7932, Accuracy: 3603/4357 (82.69%)

-----------------------------------------------------------
Train Epoch: 31 [0/2647 (0%)]	Margin Loss: 0.105538

Test set: Average loss: 0.8115, Accuracy: 3581/4357 (82.19%)

-----------------------------------------------------------
Train Epoch: 32 [0/2647 (0%)]	Margin Loss: 0.113557

Test set: Average loss: 0.8061, Accuracy: 3587/4357 (82.33%)

-----------------------------------------------------------
Train Epoch: 33 [0/2647 (0%)]	Margin Loss: 0.099577

Test set: Average loss: 0.8245, Accuracy: 3584/4357 (82.26%)

-----------------------------------------------------------
Train Epoch: 34 [0/2647 (0%)]	Margin Loss: 0.094982

Test set: Average loss: 0.8140, Accuracy: 3599/4357 (82.60%)

-----------------------------------------------------------
Train Epoch: 35 [0/2647 (0%)]	Margin Loss: 0.104381

Test set: Average loss: 0.8334, Accuracy: 3590/4357 (82.40%)

-----------------------------------------------------------
Train Epoch: 36 [0/2647 (0%)]	Margin Loss: 0.090272

Test set: Average loss: 0.8307, Accuracy: 3581/4357 (82.19%)

-----------------------------------------------------------
Train Epoch: 37 [0/2647 (0%)]	Margin Loss: 0.098028

Test set: Average loss: 0.8201, Accuracy: 3584/4357 (82.26%)

-----------------------------------------------------------
Train Epoch: 38 [0/2647 (0%)]	Margin Loss: 0.084524

Test set: Average loss: 0.8284, Accuracy: 3594/4357 (82.49%)

-----------------------------------------------------------
Train Epoch: 39 [0/2647 (0%)]	Margin Loss: 0.072877

Test set: Average loss: 0.8292, Accuracy: 3592/4357 (82.44%)

-----------------------------------------------------------
Train Epoch: 40 [0/2647 (0%)]	Margin Loss: 0.068922

Test set: Average loss: 0.8391, Accuracy: 3590/4357 (82.40%)

-----------------------------------------------------------
