nohup: ignoring input
-----------------------------------------------------------
Start Sample Strategy MeanTeacher2 with data dslr --> webcam
-----------------------------------------------------------
Train Epoch: 1 [0/498 (0%)]	Margin Loss: 1.048817

Test set: Average loss: 2.3112, Accuracy: 702/795 (88.30%)

-----------------------------------------------------------
Train Epoch: 2 [0/498 (0%)]	Margin Loss: 0.402281

Test set: Average loss: 0.9320, Accuracy: 752/795 (94.59%)

-----------------------------------------------------------
Train Epoch: 3 [0/498 (0%)]	Margin Loss: 0.341164

Test set: Average loss: 0.5873, Accuracy: 755/795 (94.97%)

-----------------------------------------------------------
Train Epoch: 4 [0/498 (0%)]	Margin Loss: 0.280622

Test set: Average loss: 0.4771, Accuracy: 755/795 (94.97%)

-----------------------------------------------------------
Train Epoch: 5 [0/498 (0%)]	Margin Loss: 0.270773

Test set: Average loss: 0.4358, Accuracy: 756/795 (95.09%)

-----------------------------------------------------------
Train Epoch: 6 [0/498 (0%)]	Margin Loss: 0.236848

Test set: Average loss: 0.4246, Accuracy: 755/795 (94.97%)

-----------------------------------------------------------
Train Epoch: 7 [0/498 (0%)]	Margin Loss: 0.210466

Test set: Average loss: 0.4230, Accuracy: 754/795 (94.84%)

-----------------------------------------------------------
Train Epoch: 8 [0/498 (0%)]	Margin Loss: 0.201031

Test set: Average loss: 0.3946, Accuracy: 761/795 (95.72%)

-----------------------------------------------------------
Train Epoch: 9 [0/498 (0%)]	Margin Loss: 0.207455

Test set: Average loss: 0.3927, Accuracy: 757/795 (95.22%)

-----------------------------------------------------------
Train Epoch: 10 [0/498 (0%)]	Margin Loss: 0.201520

Test set: Average loss: 0.3839, Accuracy: 762/795 (95.85%)

-----------------------------------------------------------
Train Epoch: 11 [0/506 (0%)]	Margin Loss: 0.185776

Test set: Average loss: 0.2682, Accuracy: 780/795 (98.11%)

-----------------------------------------------------------
Train Epoch: 12 [0/506 (0%)]	Margin Loss: 0.196396

Test set: Average loss: 0.2644, Accuracy: 778/795 (97.86%)

-----------------------------------------------------------
Train Epoch: 13 [0/514 (0%)]	Margin Loss: 0.195358

Test set: Average loss: 0.2149, Accuracy: 784/795 (98.62%)

-----------------------------------------------------------
Train Epoch: 14 [0/514 (0%)]	Margin Loss: 0.183661

Test set: Average loss: 0.2110, Accuracy: 782/795 (98.36%)

-----------------------------------------------------------
Train Epoch: 15 [0/522 (0%)]	Margin Loss: 0.212633

Test set: Average loss: 0.1701, Accuracy: 785/795 (98.74%)

-----------------------------------------------------------
Train Epoch: 16 [0/522 (0%)]	Margin Loss: 0.165051

Test set: Average loss: 0.1410, Accuracy: 789/795 (99.25%)

-----------------------------------------------------------
Train Epoch: 17 [0/530 (0%)]	Margin Loss: 0.166579

Test set: Average loss: 0.1000, Accuracy: 792/795 (99.62%)

-----------------------------------------------------------
Train Epoch: 18 [0/530 (0%)]	Margin Loss: 0.164449

Test set: Average loss: 0.0937, Accuracy: 794/795 (99.87%)

-----------------------------------------------------------
Train Epoch: 19 [0/538 (0%)]	Margin Loss: 0.151100

Test set: Average loss: 0.0698, Accuracy: 795/795 (100.00%)

-----------------------------------------------------------
Train Epoch: 20 [0/538 (0%)]	Margin Loss: 0.166770

Test set: Average loss: 0.0621, Accuracy: 795/795 (100.00%)

-----------------------------------------------------------
Train Epoch: 21 [0/538 (0%)]	Margin Loss: 0.158698

Test set: Average loss: 0.0592, Accuracy: 795/795 (100.00%)

-----------------------------------------------------------
Train Epoch: 22 [0/538 (0%)]	Margin Loss: 0.160478

Test set: Average loss: 0.0595, Accuracy: 795/795 (100.00%)

-----------------------------------------------------------
Train Epoch: 23 [0/538 (0%)]	Margin Loss: 0.137250

Test set: Average loss: 0.0594, Accuracy: 795/795 (100.00%)

-----------------------------------------------------------
Train Epoch: 24 [0/538 (0%)]	Margin Loss: 0.147692

Test set: Average loss: 0.0582, Accuracy: 795/795 (100.00%)

-----------------------------------------------------------
Train Epoch: 25 [0/538 (0%)]	Margin Loss: 0.145217

Test set: Average loss: 0.0560, Accuracy: 795/795 (100.00%)

-----------------------------------------------------------
Train Epoch: 26 [0/538 (0%)]	Margin Loss: 0.140600

Test set: Average loss: 0.0552, Accuracy: 795/795 (100.00%)

-----------------------------------------------------------
Train Epoch: 27 [0/538 (0%)]	Margin Loss: 0.123565

Test set: Average loss: 0.0559, Accuracy: 795/795 (100.00%)

-----------------------------------------------------------
Train Epoch: 28 [0/538 (0%)]	Margin Loss: 0.137284

Test set: Average loss: 0.0539, Accuracy: 795/795 (100.00%)

-----------------------------------------------------------
Train Epoch: 29 [0/538 (0%)]	Margin Loss: 0.115185

Test set: Average loss: 0.0545, Accuracy: 795/795 (100.00%)

-----------------------------------------------------------
Train Epoch: 30 [0/538 (0%)]	Margin Loss: 0.120543

Test set: Average loss: 0.0510, Accuracy: 795/795 (100.00%)

-----------------------------------------------------------
Train Epoch: 31 [0/538 (0%)]	Margin Loss: 0.121985

Test set: Average loss: 0.0559, Accuracy: 795/795 (100.00%)

-----------------------------------------------------------
Train Epoch: 32 [0/538 (0%)]	Margin Loss: 0.131283

Test set: Average loss: 0.0566, Accuracy: 795/795 (100.00%)

-----------------------------------------------------------
Train Epoch: 33 [0/538 (0%)]	Margin Loss: 0.117702

Test set: Average loss: 0.0541, Accuracy: 795/795 (100.00%)

-----------------------------------------------------------
Train Epoch: 34 [0/538 (0%)]	Margin Loss: 0.115354

Test set: Average loss: 0.0537, Accuracy: 795/795 (100.00%)

-----------------------------------------------------------
Train Epoch: 35 [0/538 (0%)]	Margin Loss: 0.111251

Test set: Average loss: 0.0541, Accuracy: 795/795 (100.00%)

-----------------------------------------------------------
Train Epoch: 36 [0/538 (0%)]	Margin Loss: 0.111338

Test set: Average loss: 0.0562, Accuracy: 795/795 (100.00%)

-----------------------------------------------------------
Train Epoch: 37 [0/538 (0%)]	Margin Loss: 0.102481

Test set: Average loss: 0.0499, Accuracy: 795/795 (100.00%)

-----------------------------------------------------------
Train Epoch: 38 [0/538 (0%)]	Margin Loss: 0.107731

Test set: Average loss: 0.0511, Accuracy: 795/795 (100.00%)

-----------------------------------------------------------
Train Epoch: 39 [0/538 (0%)]	Margin Loss: 0.108483

Test set: Average loss: 0.0519, Accuracy: 795/795 (100.00%)

-----------------------------------------------------------
Train Epoch: 40 [0/538 (0%)]	Margin Loss: 0.107197

Test set: Average loss: 0.0514, Accuracy: 795/795 (100.00%)

-----------------------------------------------------------
