nohup: ignoring input
-----------------------------------------------------------
Start Sample Strategy MeanTeacher2 with data Art --> Clipart
-----------------------------------------------------------
Train Epoch: 1 [0/2427 (0%)]	Margin Loss: 0.974301

Test set: Average loss: 2.8703, Accuracy: 1451/4365 (33.24%)

-----------------------------------------------------------
Train Epoch: 2 [0/2427 (0%)]	Margin Loss: 0.483839

Test set: Average loss: 2.5411, Accuracy: 1704/4365 (39.04%)

-----------------------------------------------------------
Train Epoch: 3 [0/2427 (0%)]	Margin Loss: 0.404050

Test set: Average loss: 2.4615, Accuracy: 1779/4365 (40.76%)

-----------------------------------------------------------
Train Epoch: 4 [0/2427 (0%)]	Margin Loss: 0.347309

Test set: Average loss: 2.4241, Accuracy: 1811/4365 (41.49%)

-----------------------------------------------------------
Train Epoch: 5 [0/2427 (0%)]	Margin Loss: 0.346421

Test set: Average loss: 2.4349, Accuracy: 1818/4365 (41.65%)

-----------------------------------------------------------
Train Epoch: 6 [0/2427 (0%)]	Margin Loss: 0.345627

Test set: Average loss: 2.4248, Accuracy: 1859/4365 (42.59%)

-----------------------------------------------------------
Train Epoch: 7 [0/2427 (0%)]	Margin Loss: 0.275782

Test set: Average loss: 2.4337, Accuracy: 1858/4365 (42.57%)

-----------------------------------------------------------
Train Epoch: 8 [0/2427 (0%)]	Margin Loss: 0.272325

Test set: Average loss: 2.4116, Accuracy: 1889/4365 (43.28%)

-----------------------------------------------------------
Train Epoch: 9 [0/2427 (0%)]	Margin Loss: 0.245415

Test set: Average loss: 2.4336, Accuracy: 1907/4365 (43.69%)

-----------------------------------------------------------
Train Epoch: 10 [0/2427 (0%)]	Margin Loss: 0.212674

Test set: Average loss: 2.4366, Accuracy: 1897/4365 (43.46%)

-----------------------------------------------------------
Train Epoch: 11 [0/2471 (0%)]	Margin Loss: 0.242232

Test set: Average loss: 2.3441, Accuracy: 2001/4365 (45.84%)

-----------------------------------------------------------
Train Epoch: 12 [0/2471 (0%)]	Margin Loss: 0.203093

Test set: Average loss: 2.2947, Accuracy: 2081/4365 (47.67%)

-----------------------------------------------------------
Train Epoch: 13 [0/2515 (0%)]	Margin Loss: 0.222151

Test set: Average loss: 2.2086, Accuracy: 2150/4365 (49.26%)

-----------------------------------------------------------
Train Epoch: 14 [0/2515 (0%)]	Margin Loss: 0.215207

Test set: Average loss: 2.1375, Accuracy: 2246/4365 (51.45%)

-----------------------------------------------------------
Train Epoch: 15 [0/2559 (0%)]	Margin Loss: 0.199820

Test set: Average loss: 2.0601, Accuracy: 2322/4365 (53.20%)

-----------------------------------------------------------
Train Epoch: 16 [0/2559 (0%)]	Margin Loss: 0.186486

Test set: Average loss: 2.0122, Accuracy: 2343/4365 (53.68%)

-----------------------------------------------------------
Train Epoch: 17 [0/2603 (0%)]	Margin Loss: 0.195983

Test set: Average loss: 1.9108, Accuracy: 2494/4365 (57.14%)

-----------------------------------------------------------
Train Epoch: 18 [0/2603 (0%)]	Margin Loss: 0.184092

Test set: Average loss: 1.9455, Accuracy: 2430/4365 (55.67%)

-----------------------------------------------------------
Train Epoch: 19 [0/2647 (0%)]	Margin Loss: 0.167587

Test set: Average loss: 1.8667, Accuracy: 2573/4365 (58.95%)

-----------------------------------------------------------
Train Epoch: 20 [0/2647 (0%)]	Margin Loss: 0.194908

Test set: Average loss: 1.8320, Accuracy: 2615/4365 (59.91%)

-----------------------------------------------------------
Train Epoch: 21 [0/2647 (0%)]	Margin Loss: 0.170440

Test set: Average loss: 1.8721, Accuracy: 2607/4365 (59.73%)

-----------------------------------------------------------
Train Epoch: 22 [0/2647 (0%)]	Margin Loss: 0.154935

Test set: Average loss: 1.8835, Accuracy: 2594/4365 (59.43%)

-----------------------------------------------------------
Train Epoch: 23 [0/2647 (0%)]	Margin Loss: 0.162721

Test set: Average loss: 1.8502, Accuracy: 2637/4365 (60.41%)

-----------------------------------------------------------
Train Epoch: 24 [0/2647 (0%)]	Margin Loss: 0.156075

Test set: Average loss: 1.8886, Accuracy: 2609/4365 (59.77%)

-----------------------------------------------------------
Train Epoch: 25 [0/2647 (0%)]	Margin Loss: 0.137338

Test set: Average loss: 1.9059, Accuracy: 2621/4365 (60.05%)

-----------------------------------------------------------
Train Epoch: 26 [0/2647 (0%)]	Margin Loss: 0.133873

Test set: Average loss: 1.9079, Accuracy: 2625/4365 (60.14%)

-----------------------------------------------------------
Train Epoch: 27 [0/2647 (0%)]	Margin Loss: 0.133919

Test set: Average loss: 1.8980, Accuracy: 2617/4365 (59.95%)

-----------------------------------------------------------
Train Epoch: 28 [0/2647 (0%)]	Margin Loss: 0.138709

Test set: Average loss: 1.8779, Accuracy: 2636/4365 (60.39%)

-----------------------------------------------------------
Train Epoch: 29 [0/2647 (0%)]	Margin Loss: 0.111035

Test set: Average loss: 1.9086, Accuracy: 2627/4365 (60.18%)

-----------------------------------------------------------
Train Epoch: 30 [0/2647 (0%)]	Margin Loss: 0.143872

Test set: Average loss: 1.9128, Accuracy: 2647/4365 (60.64%)

-----------------------------------------------------------
Train Epoch: 31 [0/2647 (0%)]	Margin Loss: 0.105767

Test set: Average loss: 1.9393, Accuracy: 2625/4365 (60.14%)

-----------------------------------------------------------
Train Epoch: 32 [0/2647 (0%)]	Margin Loss: 0.110111

Test set: Average loss: 1.8975, Accuracy: 2632/4365 (60.30%)

-----------------------------------------------------------
Train Epoch: 33 [0/2647 (0%)]	Margin Loss: 0.109390

Test set: Average loss: 1.9181, Accuracy: 2663/4365 (61.01%)

-----------------------------------------------------------
Train Epoch: 34 [0/2647 (0%)]	Margin Loss: 0.104072

Test set: Average loss: 1.9026, Accuracy: 2672/4365 (61.21%)

-----------------------------------------------------------
Train Epoch: 35 [0/2647 (0%)]	Margin Loss: 0.106900

Test set: Average loss: 1.9381, Accuracy: 2654/4365 (60.80%)

-----------------------------------------------------------
Train Epoch: 36 [0/2647 (0%)]	Margin Loss: 0.095380

Test set: Average loss: 1.9680, Accuracy: 2641/4365 (60.50%)

-----------------------------------------------------------
Train Epoch: 37 [0/2647 (0%)]	Margin Loss: 0.108546

Test set: Average loss: 1.9699, Accuracy: 2650/4365 (60.71%)

-----------------------------------------------------------
Train Epoch: 38 [0/2647 (0%)]	Margin Loss: 0.092782

Test set: Average loss: 1.9620, Accuracy: 2638/4365 (60.44%)

-----------------------------------------------------------
Train Epoch: 39 [0/2647 (0%)]	Margin Loss: 0.080717

Test set: Average loss: 1.9201, Accuracy: 2664/4365 (61.03%)

-----------------------------------------------------------
Train Epoch: 40 [0/2647 (0%)]	Margin Loss: 0.075382

Test set: Average loss: 1.9650, Accuracy: 2637/4365 (60.41%)

-----------------------------------------------------------
