nohup: ignoring input
-----------------------------------------------------------
Start Sample Strategy MeanTeacher2 with data webcam --> dslr
-----------------------------------------------------------
Train Epoch: 1 [0/795 (0%)]	Margin Loss: 1.026374

Test set: Average loss: 1.1065, Accuracy: 474/498 (95.18%)

-----------------------------------------------------------
Train Epoch: 2 [0/795 (0%)]	Margin Loss: 0.412129

Test set: Average loss: 0.2573, Accuracy: 488/498 (97.99%)

-----------------------------------------------------------
Train Epoch: 3 [0/795 (0%)]	Margin Loss: 0.327001

Test set: Average loss: 0.1564, Accuracy: 491/498 (98.59%)

-----------------------------------------------------------
Train Epoch: 4 [0/795 (0%)]	Margin Loss: 0.272563

Test set: Average loss: 0.1398, Accuracy: 491/498 (98.59%)

-----------------------------------------------------------
Train Epoch: 5 [0/795 (0%)]	Margin Loss: 0.233488

Test set: Average loss: 0.1204, Accuracy: 493/498 (99.00%)

-----------------------------------------------------------
Train Epoch: 6 [0/795 (0%)]	Margin Loss: 0.229285

Test set: Average loss: 0.1250, Accuracy: 492/498 (98.80%)

-----------------------------------------------------------
Train Epoch: 7 [0/795 (0%)]	Margin Loss: 0.228977

Test set: Average loss: 0.1030, Accuracy: 494/498 (99.20%)

-----------------------------------------------------------
Train Epoch: 8 [0/795 (0%)]	Margin Loss: 0.196591

Test set: Average loss: 0.1219, Accuracy: 494/498 (99.20%)

-----------------------------------------------------------
Train Epoch: 9 [0/795 (0%)]	Margin Loss: 0.193858

Test set: Average loss: 0.0968, Accuracy: 494/498 (99.20%)

-----------------------------------------------------------
Train Epoch: 10 [0/795 (0%)]	Margin Loss: 0.182137

Test set: Average loss: 0.1024, Accuracy: 495/498 (99.40%)

-----------------------------------------------------------
Train Epoch: 11 [0/800 (0%)]	Margin Loss: 0.178104

Test set: Average loss: 0.0639, Accuracy: 496/498 (99.60%)

-----------------------------------------------------------
Train Epoch: 12 [0/800 (0%)]	Margin Loss: 0.156394

Test set: Average loss: 0.0690, Accuracy: 497/498 (99.80%)

-----------------------------------------------------------
Train Epoch: 13 [0/805 (0%)]	Margin Loss: 0.161043

Test set: Average loss: 0.0500, Accuracy: 497/498 (99.80%)

-----------------------------------------------------------
Train Epoch: 14 [0/805 (0%)]	Margin Loss: 0.171333

Test set: Average loss: 0.0421, Accuracy: 497/498 (99.80%)

-----------------------------------------------------------
Train Epoch: 15 [0/810 (0%)]	Margin Loss: 0.143923

Test set: Average loss: 0.0339, Accuracy: 498/498 (100.00%)

-----------------------------------------------------------
Train Epoch: 16 [0/810 (0%)]	Margin Loss: 0.149161

Test set: Average loss: 0.0324, Accuracy: 498/498 (100.00%)

-----------------------------------------------------------
Train Epoch: 17 [0/815 (0%)]	Margin Loss: 0.135368

Test set: Average loss: 0.0268, Accuracy: 498/498 (100.00%)

-----------------------------------------------------------
Train Epoch: 18 [0/815 (0%)]	Margin Loss: 0.139759

Test set: Average loss: 0.0274, Accuracy: 498/498 (100.00%)

-----------------------------------------------------------
Train Epoch: 19 [0/820 (0%)]	Margin Loss: 0.130190

Test set: Average loss: 0.0230, Accuracy: 498/498 (100.00%)

-----------------------------------------------------------
Train Epoch: 20 [0/820 (0%)]	Margin Loss: 0.125304

Test set: Average loss: 0.0227, Accuracy: 498/498 (100.00%)

-----------------------------------------------------------
Train Epoch: 21 [0/820 (0%)]	Margin Loss: 0.124942

Test set: Average loss: 0.0228, Accuracy: 498/498 (100.00%)

-----------------------------------------------------------
Train Epoch: 22 [0/820 (0%)]	Margin Loss: 0.121358

Test set: Average loss: 0.0196, Accuracy: 498/498 (100.00%)

-----------------------------------------------------------
Train Epoch: 23 [0/820 (0%)]	Margin Loss: 0.117159

Test set: Average loss: 0.0191, Accuracy: 498/498 (100.00%)

-----------------------------------------------------------
Train Epoch: 24 [0/820 (0%)]	Margin Loss: 0.118124

Test set: Average loss: 0.0207, Accuracy: 498/498 (100.00%)

-----------------------------------------------------------
Train Epoch: 25 [0/820 (0%)]	Margin Loss: 0.115964

Test set: Average loss: 0.0219, Accuracy: 498/498 (100.00%)

-----------------------------------------------------------
Train Epoch: 26 [0/820 (0%)]	Margin Loss: 0.106208

Test set: Average loss: 0.0207, Accuracy: 498/498 (100.00%)

-----------------------------------------------------------
Train Epoch: 27 [0/820 (0%)]	Margin Loss: 0.106675

Test set: Average loss: 0.0199, Accuracy: 498/498 (100.00%)

-----------------------------------------------------------
Train Epoch: 28 [0/820 (0%)]	Margin Loss: 0.105154

Test set: Average loss: 0.0193, Accuracy: 498/498 (100.00%)

-----------------------------------------------------------
Train Epoch: 29 [0/820 (0%)]	Margin Loss: 0.097360

Test set: Average loss: 0.0223, Accuracy: 498/498 (100.00%)

-----------------------------------------------------------
Train Epoch: 30 [0/820 (0%)]	Margin Loss: 0.097955

Test set: Average loss: 0.0215, Accuracy: 498/498 (100.00%)

-----------------------------------------------------------
Train Epoch: 31 [0/820 (0%)]	Margin Loss: 0.104283

Test set: Average loss: 0.0182, Accuracy: 498/498 (100.00%)

-----------------------------------------------------------
Train Epoch: 32 [0/820 (0%)]	Margin Loss: 0.100603

Test set: Average loss: 0.0203, Accuracy: 498/498 (100.00%)

-----------------------------------------------------------
Train Epoch: 33 [0/820 (0%)]	Margin Loss: 0.096537

Test set: Average loss: 0.0182, Accuracy: 498/498 (100.00%)

-----------------------------------------------------------
Train Epoch: 34 [0/820 (0%)]	Margin Loss: 0.080818

Test set: Average loss: 0.0189, Accuracy: 498/498 (100.00%)

-----------------------------------------------------------
Train Epoch: 35 [0/820 (0%)]	Margin Loss: 0.089403

Test set: Average loss: 0.0178, Accuracy: 498/498 (100.00%)

-----------------------------------------------------------
Train Epoch: 36 [0/820 (0%)]	Margin Loss: 0.091251

Test set: Average loss: 0.0179, Accuracy: 498/498 (100.00%)

-----------------------------------------------------------
Train Epoch: 37 [0/820 (0%)]	Margin Loss: 0.088964

Test set: Average loss: 0.0183, Accuracy: 498/498 (100.00%)

-----------------------------------------------------------
Train Epoch: 38 [0/820 (0%)]	Margin Loss: 0.073869

Test set: Average loss: 0.0173, Accuracy: 498/498 (100.00%)

-----------------------------------------------------------
Train Epoch: 39 [0/820 (0%)]	Margin Loss: 0.081307

Test set: Average loss: 0.0178, Accuracy: 498/498 (100.00%)

-----------------------------------------------------------
Train Epoch: 40 [0/820 (0%)]	Margin Loss: 0.079553

Test set: Average loss: 0.0181, Accuracy: 498/498 (100.00%)

-----------------------------------------------------------
