nohup: ignoring input
-----------------------------------------------------------
Start Sample Strategy MeanTeacher2 with data dslr --> amazon
-----------------------------------------------------------
Train Epoch: 1 [0/498 (0%)]	Margin Loss: 1.121254

Test set: Average loss: 2.4801, Accuracy: 1643/2817 (58.32%)

-----------------------------------------------------------
Train Epoch: 2 [0/498 (0%)]	Margin Loss: 0.447491

Test set: Average loss: 1.8865, Accuracy: 1744/2817 (61.91%)

-----------------------------------------------------------
Train Epoch: 3 [0/498 (0%)]	Margin Loss: 0.389678

Test set: Average loss: 1.6891, Accuracy: 1751/2817 (62.16%)

-----------------------------------------------------------
Train Epoch: 4 [0/498 (0%)]	Margin Loss: 0.354574

Test set: Average loss: 1.6893, Accuracy: 1728/2817 (61.34%)

-----------------------------------------------------------
Train Epoch: 5 [0/498 (0%)]	Margin Loss: 0.328706

Test set: Average loss: 1.6540, Accuracy: 1765/2817 (62.66%)

-----------------------------------------------------------
Train Epoch: 6 [0/498 (0%)]	Margin Loss: 0.326814

Test set: Average loss: 1.6600, Accuracy: 1780/2817 (63.19%)

-----------------------------------------------------------
Train Epoch: 7 [0/498 (0%)]	Margin Loss: 0.311124

Test set: Average loss: 1.6508, Accuracy: 1768/2817 (62.76%)

-----------------------------------------------------------
Train Epoch: 8 [0/498 (0%)]	Margin Loss: 0.302064

Test set: Average loss: 1.6436, Accuracy: 1775/2817 (63.01%)

-----------------------------------------------------------
Train Epoch: 9 [0/498 (0%)]	Margin Loss: 0.287746

Test set: Average loss: 1.6632, Accuracy: 1787/2817 (63.44%)

-----------------------------------------------------------
Train Epoch: 10 [0/498 (0%)]	Margin Loss: 0.273915

Test set: Average loss: 1.6426, Accuracy: 1787/2817 (63.44%)

-----------------------------------------------------------
Train Epoch: 11 [0/527 (0%)]	Margin Loss: 0.263410

Test set: Average loss: 1.4611, Accuracy: 1895/2817 (67.27%)

-----------------------------------------------------------
Train Epoch: 12 [0/527 (0%)]	Margin Loss: 0.318029

Test set: Average loss: 1.4558, Accuracy: 1893/2817 (67.20%)

-----------------------------------------------------------
Train Epoch: 13 [0/556 (0%)]	Margin Loss: 0.302791

Test set: Average loss: 1.2586, Accuracy: 1985/2817 (70.47%)

-----------------------------------------------------------
Train Epoch: 14 [0/556 (0%)]	Margin Loss: 0.290880

Test set: Average loss: 1.2286, Accuracy: 2021/2817 (71.74%)

-----------------------------------------------------------
Train Epoch: 15 [0/585 (0%)]	Margin Loss: 0.298135

Test set: Average loss: 1.0909, Accuracy: 2118/2817 (75.19%)

-----------------------------------------------------------
Train Epoch: 16 [0/585 (0%)]	Margin Loss: 0.298200

Test set: Average loss: 1.0826, Accuracy: 2125/2817 (75.43%)

-----------------------------------------------------------
Train Epoch: 17 [0/614 (0%)]	Margin Loss: 0.299041

Test set: Average loss: 1.0115, Accuracy: 2186/2817 (77.60%)

-----------------------------------------------------------
Train Epoch: 18 [0/614 (0%)]	Margin Loss: 0.265378

Test set: Average loss: 0.9890, Accuracy: 2202/2817 (78.17%)

-----------------------------------------------------------
Train Epoch: 19 [0/643 (0%)]	Margin Loss: 0.307029

Test set: Average loss: 0.8939, Accuracy: 2257/2817 (80.12%)

-----------------------------------------------------------
Train Epoch: 20 [0/643 (0%)]	Margin Loss: 0.270206

Test set: Average loss: 0.8732, Accuracy: 2284/2817 (81.08%)

-----------------------------------------------------------
Train Epoch: 21 [0/643 (0%)]	Margin Loss: 0.262781

Test set: Average loss: 0.8751, Accuracy: 2283/2817 (81.04%)

-----------------------------------------------------------
Train Epoch: 22 [0/643 (0%)]	Margin Loss: 0.256132

Test set: Average loss: 0.8739, Accuracy: 2279/2817 (80.90%)

-----------------------------------------------------------
Train Epoch: 23 [0/643 (0%)]	Margin Loss: 0.220457

Test set: Average loss: 0.8715, Accuracy: 2287/2817 (81.19%)

-----------------------------------------------------------
Train Epoch: 24 [0/643 (0%)]	Margin Loss: 0.257047

Test set: Average loss: 0.8890, Accuracy: 2279/2817 (80.90%)

-----------------------------------------------------------
Train Epoch: 25 [0/643 (0%)]	Margin Loss: 0.223612

Test set: Average loss: 0.8578, Accuracy: 2292/2817 (81.36%)

-----------------------------------------------------------
Train Epoch: 26 [0/643 (0%)]	Margin Loss: 0.231931

Test set: Average loss: 0.8627, Accuracy: 2294/2817 (81.43%)

-----------------------------------------------------------
Train Epoch: 27 [0/643 (0%)]	Margin Loss: 0.206310

Test set: Average loss: 0.8760, Accuracy: 2292/2817 (81.36%)

-----------------------------------------------------------
Train Epoch: 28 [0/643 (0%)]	Margin Loss: 0.204973

Test set: Average loss: 0.8714, Accuracy: 2293/2817 (81.40%)

-----------------------------------------------------------
Train Epoch: 29 [0/643 (0%)]	Margin Loss: 0.199924

Test set: Average loss: 0.8704, Accuracy: 2286/2817 (81.15%)

-----------------------------------------------------------
Train Epoch: 30 [0/643 (0%)]	Margin Loss: 0.185110

Test set: Average loss: 0.8675, Accuracy: 2280/2817 (80.94%)

-----------------------------------------------------------
Train Epoch: 31 [0/643 (0%)]	Margin Loss: 0.202563

Test set: Average loss: 0.8658, Accuracy: 2296/2817 (81.51%)

-----------------------------------------------------------
Train Epoch: 32 [0/643 (0%)]	Margin Loss: 0.192340

Test set: Average loss: 0.8662, Accuracy: 2291/2817 (81.33%)

-----------------------------------------------------------
Train Epoch: 33 [0/643 (0%)]	Margin Loss: 0.166477

Test set: Average loss: 0.8738, Accuracy: 2289/2817 (81.26%)

-----------------------------------------------------------
Train Epoch: 34 [0/643 (0%)]	Margin Loss: 0.171681

Test set: Average loss: 0.8728, Accuracy: 2287/2817 (81.19%)

-----------------------------------------------------------
Train Epoch: 35 [0/643 (0%)]	Margin Loss: 0.185411

Test set: Average loss: 0.8732, Accuracy: 2288/2817 (81.22%)

-----------------------------------------------------------
Train Epoch: 36 [0/643 (0%)]	Margin Loss: 0.156521

Test set: Average loss: 0.8683, Accuracy: 2295/2817 (81.47%)

-----------------------------------------------------------
Train Epoch: 37 [0/643 (0%)]	Margin Loss: 0.157324

Test set: Average loss: 0.8675, Accuracy: 2302/2817 (81.72%)

-----------------------------------------------------------
Train Epoch: 38 [0/643 (0%)]	Margin Loss: 0.161017

Test set: Average loss: 0.8857, Accuracy: 2283/2817 (81.04%)

-----------------------------------------------------------
Train Epoch: 39 [0/643 (0%)]	Margin Loss: 0.151712

Test set: Average loss: 0.8735, Accuracy: 2308/2817 (81.93%)

-----------------------------------------------------------
Train Epoch: 40 [0/643 (0%)]	Margin Loss: 0.147851

Test set: Average loss: 0.8836, Accuracy: 2283/2817 (81.04%)

-----------------------------------------------------------
